<?xml version="1.0" encoding="UTF-8"?>
<testsuite xmlns:xsi="http://www.w3.org/2001/XMLSchema-instance" xsi:noNamespaceSchemaLocation="https://maven.apache.org/surefire/maven-surefire-plugin/xsd/surefire-test-report-3.0.xsd" version="3.0" name="com.example.springboot.HelloControllerTest" time="0.571" tests="1" errors="0" skipped="0" failures="0">
  <properties>
[...]
</properties>
  <testcase name="getHello" classname="com.example.springboot.HelloControllerTest" time="0.038">
    <system-out><![CDATA[2025-10-25T14:06:39.296-04:00  INFO 8520 --- [           main] t.c.s.AnnotationConfigContextLoaderUtils : Could not detect default configuration classes for test class [com.example.springboot.HelloControllerTest]: HelloControllerTest does not declare any static, non-private, non-final, nested classes annotated with @Configuration.
2025-10-25T14:06:39.312-04:00  INFO 8520 --- [           main] .b.t.c.SpringBootTestContextBootstrapper : Found @SpringBootConfiguration com.example.springboot.Application for test class com.example.springboot.HelloControllerTest
  .   ____          _            __ _ _
 /\\ / ___'_ __ _ _(_)_ __  __ _ \ \ \ \
( ( )\___ | '_ | '_| | '_ \/ _` | \ \ \ \
 \\/  ___)| |_)| | | | | || (_| |  ) ) ) )
  '  |____| .__|_| |_|_| |_\__, | / / / /
 =========|_|==============|___/=/_/_/_/

 :: Spring Boot ::                (v3.3.0)

2025-10-25T14:06:39.352-04:00  INFO 8520 --- [           main] c.e.springboot.HelloControllerTest       : Starting HelloControllerTest using Java 17.0.16 with PID 8520 (started by cris- in C:\Users\cris-\Documents\Programming-Laptop\Software-Dev\SD-GitProject)
2025-10-25T14:06:39.354-04:00  INFO 8520 --- [           main] c.e.springboot.HelloControllerTest       : No active profile set, falling back to 1 default profile: "default"
2025-10-25T14:06:39.781-04:00  INFO 8520 --- [           main] o.s.b.t.m.w.SpringBootMockServletContext : Initializing Spring TestDispatcherServlet ''
2025-10-25T14:06:39.781-04:00  INFO 8520 --- [           main] o.s.t.web.servlet.TestDispatcherServlet  : Initializing Servlet ''
2025-10-25T14:06:39.790-04:00  INFO 8520 --- [           main] o.s.b.a.e.web.EndpointLinksResolver      : Exposing 1 endpoint beneath base path '/actuator'
2025-10-25T14:06:39.795-04:00  INFO 8520 --- [           main] o.s.t.web.servlet.TestDispatcherServlet  : Completed initialization in 14 ms
2025-10-25T14:06:39.814-04:00  INFO 8520 --- [           main] c.e.springboot.HelloControllerTest       : Started HelloControllerTest in 0.488 seconds (process running for 5.485)
Let's inspect the beans provided by Spring Boot:
application
applicationAvailability
applicationTaskExecutor
basicErrorController
beanNameHandlerMapping
beanNameViewResolver
characterEncodingFilter
classLoaderMetrics
commandLineRunner
controllerEndpointDiscoverer
controllerEndpointHandlerMapping
controllerExposeExcludePropertyEndpointFilter
conventionErrorViewResolver
defaultMeterObservationHandler
defaultServletHandlerMapping
defaultViewResolver
diskSpaceHealthIndicator
diskSpaceMetrics
dispatcherServlet
dispatcherServletRegistration
eagerTaskExecutorMetrics
endpointCachingOperationInvokerAdvisor
endpointMediaTypes
endpointObjectMapper
endpointObjectMapperWebMvcConfigurer
endpointOperationParameterMapper
error
errorAttributes
errorPageCustomizer
errorPageRegistrarBeanPostProcessor
fileDescriptorMetrics
fileWatcher
flashMapManager
forceAutoProxyCreatorToUseClassProxying
formContentFilter
handlerExceptionResolver
handlerFunctionAdapter
healthContributorRegistry
healthEndpoint
healthEndpointGroupMembershipValidator
healthEndpointGroups
healthEndpointGroupsBeanPostProcessor
healthEndpointWebExtension
healthEndpointWebMvcHandlerMapping
healthHttpCodeStatusMapper
healthStatusAggregator
helloController
httpMessageConvertersRestClientCustomizer
httpRequestHandlerAdapter
jacksonObjectMapper
jacksonObjectMapperBuilder
jsonComponentModule
jsonMixinModule
jsonMixinModuleEntries
jvmCompilationMetrics
jvmGcMetrics
jvmHeapPressureMetrics
jvmInfoMetrics
jvmMemoryMetrics
jvmThreadMetrics
lifecycleProcessor
localeCharsetMappingsCustomizer
localeResolver
logbackMetrics
management.endpoint.health-org.springframework.boot.actuate.autoconfigure.health.HealthEndpointProperties
management.endpoints.web-org.springframework.boot.actuate.autoconfigure.endpoint.web.WebEndpointProperties
management.endpoints.web.cors-org.springframework.boot.actuate.autoconfigure.endpoint.web.CorsEndpointProperties
management.health.diskspace-org.springframework.boot.actuate.autoconfigure.system.DiskSpaceHealthIndicatorProperties
management.info-org.springframework.boot.actuate.autoconfigure.info.InfoContributorProperties
management.metrics-org.springframework.boot.actuate.autoconfigure.metrics.MetricsProperties
management.observations-org.springframework.boot.actuate.autoconfigure.observation.ObservationProperties
management.server-org.springframework.boot.actuate.autoconfigure.web.server.ManagementServerProperties
management.simple.metrics.export-org.springframework.boot.actuate.autoconfigure.metrics.export.simple.SimpleProperties
managementServletContext
mappingJackson2HttpMessageConverter
messageConverters
meterRegistryCloser
meterRegistryPostProcessor
metricsHttpClientUriTagFilter
metricsHttpServerUriTagFilter
metricsObservationHandlerGrouping
micrometerClock
mockMvc
mockMvcBuilder
multipartConfigElement
multipartResolver
mvcContentNegotiationManager
mvcConversionService
mvcHandlerMappingIntrospector
mvcPathMatcher
mvcPatternParser
mvcResourceUrlProvider
mvcUriComponentsContributor
mvcUrlPathHelper
mvcValidator
mvcViewResolver
observabilitySchedulingConfigurer
observationRegistry
observationRegistryPostProcessor
observationRestClientCustomizer
observationRestTemplateCustomizer
org.springframework.aop.config.internalAutoProxyCreator
org.springframework.boot.actuate.autoconfigure.availability.AvailabilityHealthContributorAutoConfiguration
org.springframework.boot.actuate.autoconfigure.endpoint.EndpointAutoConfiguration
org.springframework.boot.actuate.autoconfigure.endpoint.jackson.JacksonEndpointAutoConfiguration
org.springframework.boot.actuate.autoconfigure.endpoint.web.ServletEndpointManagementContextConfiguration
org.springframework.boot.actuate.autoconfigure.endpoint.web.ServletEndpointManagementContextConfiguration$WebMvcServletEndpointManagementContextConfiguration
org.springframework.boot.actuate.autoconfigure.endpoint.web.WebEndpointAutoConfiguration
org.springframework.boot.actuate.autoconfigure.endpoint.web.WebEndpointAutoConfiguration$WebEndpointServletConfiguration
org.springframework.boot.actuate.autoconfigure.endpoint.web.servlet.WebMvcEndpointManagementContextConfiguration
org.springframework.boot.actuate.autoconfigure.health.HealthContributorAutoConfiguration
org.springframework.boot.actuate.autoconfigure.health.HealthEndpointAutoConfiguration
org.springframework.boot.actuate.autoconfigure.health.HealthEndpointConfiguration
org.springframework.boot.actuate.autoconfigure.health.HealthEndpointWebExtensionConfiguration
org.springframework.boot.actuate.autoconfigure.health.HealthEndpointWebExtensionConfiguration$MvcAdditionalHealthEndpointPathsConfiguration
org.springframework.boot.actuate.autoconfigure.info.InfoContributorAutoConfiguration
org.springframework.boot.actuate.autoconfigure.metrics.CompositeMeterRegistryAutoConfiguration
org.springframework.boot.actuate.autoconfigure.metrics.JvmMetricsAutoConfiguration
org.springframework.boot.actuate.autoconfigure.metrics.LogbackMetricsAutoConfiguration
org.springframework.boot.actuate.autoconfigure.metrics.MetricsAutoConfiguration
org.springframework.boot.actuate.autoconfigure.metrics.SystemMetricsAutoConfiguration
org.springframework.boot.actuate.autoconfigure.metrics.export.simple.SimpleMetricsExportAutoConfiguration
org.springframework.boot.actuate.autoconfigure.metrics.integration.IntegrationMetricsAutoConfiguration
org.springframework.boot.actuate.autoconfigure.metrics.startup.StartupTimeMetricsListenerAutoConfiguration
org.springframework.boot.actuate.autoconfigure.metrics.task.TaskExecutorMetricsAutoConfiguration
org.springframework.boot.actuate.autoconfigure.metrics.web.tomcat.TomcatMetricsAutoConfiguration
org.springframework.boot.actuate.autoconfigure.observation.ObservationAutoConfiguration
org.springframework.boot.actuate.autoconfigure.observation.ObservationAutoConfiguration$MeterObservationHandlerConfiguration
org.springframework.boot.actuate.autoconfigure.observation.ObservationAutoConfiguration$MeterObservationHandlerConfiguration$OnlyMetricsMeterObservationHandlerConfiguration
org.springframework.boot.actuate.autoconfigure.observation.ObservationAutoConfiguration$OnlyMetricsConfiguration
org.springframework.boot.actuate.autoconfigure.observation.web.client.HttpClientObservationsAutoConfiguration
org.springframework.boot.actuate.autoconfigure.observation.web.client.HttpClientObservationsAutoConfiguration$MeterFilterConfiguration
org.springframework.boot.actuate.autoconfigure.observation.web.client.RestClientObservationConfiguration
org.springframework.boot.actuate.autoconfigure.observation.web.client.RestTemplateObservationConfiguration
org.springframework.boot.actuate.autoconfigure.observation.web.servlet.WebMvcObservationAutoConfiguration
org.springframework.boot.actuate.autoconfigure.observation.web.servlet.WebMvcObservationAutoConfiguration$MeterFilterConfiguration
org.springframework.boot.actuate.autoconfigure.scheduling.ScheduledTasksObservabilityAutoConfiguration
org.springframework.boot.actuate.autoconfigure.system.DiskSpaceHealthContributorAutoConfiguration
org.springframework.boot.actuate.autoconfigure.web.server.ManagementContextAutoConfiguration
org.springframework.boot.actuate.autoconfigure.web.server.ManagementContextAutoConfiguration$SameManagementContextConfiguration
org.springframework.boot.actuate.autoconfigure.web.server.ManagementContextAutoConfiguration$SameManagementContextConfiguration$EnableSameManagementContextConfiguration
org.springframework.boot.actuate.autoconfigure.web.servlet.ServletManagementContextAutoConfiguration
org.springframework.boot.autoconfigure.AutoConfigurationPackages
org.springframework.boot.autoconfigure.aop.AopAutoConfiguration
org.springframework.boot.autoconfigure.aop.AopAutoConfiguration$ClassProxyingConfiguration
org.springframework.boot.autoconfigure.availability.ApplicationAvailabilityAutoConfiguration
org.springframework.boot.autoconfigure.context.ConfigurationPropertiesAutoConfiguration
org.springframework.boot.autoconfigure.context.LifecycleAutoConfiguration
org.springframework.boot.autoconfigure.context.PropertyPlaceholderAutoConfiguration
org.springframework.boot.autoconfigure.http.HttpMessageConvertersAutoConfiguration
org.springframework.boot.autoconfigure.http.HttpMessageConvertersAutoConfiguration$StringHttpMessageConverterConfiguration
org.springframework.boot.autoconfigure.http.JacksonHttpMessageConvertersConfiguration
org.springframework.boot.autoconfigure.http.JacksonHttpMessageConvertersConfiguration$MappingJackson2HttpMessageConverterConfiguration
org.springframework.boot.autoconfigure.info.ProjectInfoAutoConfiguration
org.springframework.boot.autoconfigure.internalCachingMetadataReaderFactory
org.springframework.boot.autoconfigure.jackson.JacksonAutoConfiguration
org.springframework.boot.autoconfigure.jackson.JacksonAutoConfiguration$Jackson2ObjectMapperBuilderCustomizerConfiguration
org.springframework.boot.autoconfigure.jackson.JacksonAutoConfiguration$JacksonMixinConfiguration
org.springframework.boot.autoconfigure.jackson.JacksonAutoConfiguration$JacksonObjectMapperBuilderConfiguration
org.springframework.boot.autoconfigure.jackson.JacksonAutoConfiguration$JacksonObjectMapperConfiguration
org.springframework.boot.autoconfigure.jackson.JacksonAutoConfiguration$ParameterNamesModuleConfiguration
org.springframework.boot.autoconfigure.sql.init.SqlInitializationAutoConfiguration
org.springframework.boot.autoconfigure.ssl.SslAutoConfiguration
org.springframework.boot.autoconfigure.task.TaskExecutionAutoConfiguration
org.springframework.boot.autoconfigure.task.TaskExecutorConfigurations$SimpleAsyncTaskExecutorBuilderConfiguration
org.springframework.boot.autoconfigure.task.TaskExecutorConfigurations$TaskExecutorBuilderConfiguration
org.springframework.boot.autoconfigure.task.TaskExecutorConfigurations$TaskExecutorConfiguration
org.springframework.boot.autoconfigure.task.TaskExecutorConfigurations$ThreadPoolTaskExecutorBuilderConfiguration
org.springframework.boot.autoconfigure.task.TaskSchedulingAutoConfiguration
org.springframework.boot.autoconfigure.task.TaskSchedulingConfigurations$SimpleAsyncTaskSchedulerBuilderConfiguration
org.springframework.boot.autoconfigure.task.TaskSchedulingConfigurations$TaskSchedulerBuilderConfiguration
org.springframework.boot.autoconfigure.task.TaskSchedulingConfigurations$ThreadPoolTaskSchedulerBuilderConfiguration
org.springframework.boot.autoconfigure.web.client.RestClientAutoConfiguration
org.springframework.boot.autoconfigure.web.client.RestTemplateAutoConfiguration
org.springframework.boot.autoconfigure.web.servlet.DispatcherServletAutoConfiguration
org.springframework.boot.autoconfigure.web.servlet.DispatcherServletAutoConfiguration$DispatcherServletConfiguration
org.springframework.boot.autoconfigure.web.servlet.DispatcherServletAutoConfiguration$DispatcherServletRegistrationConfiguration
org.springframework.boot.autoconfigure.web.servlet.HttpEncodingAutoConfiguration
org.springframework.boot.autoconfigure.web.servlet.MultipartAutoConfiguration
org.springframework.boot.autoconfigure.web.servlet.ServletWebServerFactoryAutoConfiguration
org.springframework.boot.autoconfigure.web.servlet.ServletWebServerFactoryConfiguration$EmbeddedTomcat
org.springframework.boot.autoconfigure.web.servlet.WebMvcAutoConfiguration
org.springframework.boot.autoconfigure.web.servlet.WebMvcAutoConfiguration$EnableWebMvcConfiguration
org.springframework.boot.autoconfigure.web.servlet.WebMvcAutoConfiguration$WebMvcAutoConfigurationAdapter
org.springframework.boot.autoconfigure.web.servlet.error.ErrorMvcAutoConfiguration
org.springframework.boot.autoconfigure.web.servlet.error.ErrorMvcAutoConfiguration$DefaultErrorViewResolverConfiguration
org.springframework.boot.autoconfigure.web.servlet.error.ErrorMvcAutoConfiguration$WhitelabelErrorViewConfiguration
org.springframework.boot.autoconfigure.websocket.servlet.WebSocketServletAutoConfiguration
org.springframework.boot.autoconfigure.websocket.servlet.WebSocketServletAutoConfiguration$TomcatWebSocketConfiguration
org.springframework.boot.context.internalConfigurationPropertiesBinder
org.springframework.boot.context.properties.BoundConfigurationProperties
org.springframework.boot.context.properties.ConfigurationPropertiesBindingPostProcessor
org.springframework.boot.context.properties.EnableConfigurationPropertiesRegistrar.methodValidationExcludeFilter
org.springframework.boot.sql.init.dependency.DatabaseInitializationDependencyConfigurer$DependsOnDatabaseInitializationPostProcessor
org.springframework.boot.test.autoconfigure.web.servlet.MockMvcAutoConfiguration
org.springframework.boot.test.context.ImportsContextCustomizer$ImportsCleanupPostProcessor
org.springframework.boot.test.mock.mockito.MockitoPostProcessor
org.springframework.boot.test.mock.mockito.MockitoPostProcessor$SpyPostProcessor
org.springframework.context.annotation.internalAutowiredAnnotationProcessor
org.springframework.context.annotation.internalCommonAnnotationProcessor
org.springframework.context.annotation.internalConfigurationAnnotationProcessor
org.springframework.context.event.internalEventListenerFactory
org.springframework.context.event.internalEventListenerProcessor
parameterNamesModule
pathMappedEndpoints
pingHealthContributor
preserveErrorControllerTargetClassPostProcessor
processorMetrics
propertiesMeterFilter
propertiesObservationFilter
propertySourcesPlaceholderConfigurer
requestContextFilter
requestMappingHandlerAdapter
requestMappingHandlerMapping
resourceHandlerMapping
restClientBuilder
restClientBuilderConfigurer
restClientSsl
restTemplateBuilder
restTemplateBuilderConfigurer
routerFunctionMapping
server-org.springframework.boot.autoconfigure.web.ServerProperties
servletEndpointDiscoverer
servletEndpointRegistrar
servletExposeExcludePropertyEndpointFilter
servletWebChildContextFactory
servletWebServerFactoryCustomizer
simpleAsyncTaskExecutorBuilder
simpleAsyncTaskSchedulerBuilder
simpleConfig
simpleControllerHandlerAdapter
simpleMeterRegistry
spring.info-org.springframework.boot.autoconfigure.info.ProjectInfoProperties
spring.jackson-org.springframework.boot.autoconfigure.jackson.JacksonProperties
spring.lifecycle-org.springframework.boot.autoconfigure.context.LifecycleProperties
spring.mvc-org.springframework.boot.autoconfigure.web.servlet.WebMvcProperties
spring.servlet.multipart-org.springframework.boot.autoconfigure.web.servlet.MultipartProperties
spring.sql.init-org.springframework.boot.autoconfigure.sql.init.SqlInitializationProperties
spring.ssl-org.springframework.boot.autoconfigure.ssl.SslProperties
spring.task.execution-org.springframework.boot.autoconfigure.task.TaskExecutionProperties
spring.task.scheduling-org.springframework.boot.autoconfigure.task.TaskSchedulingProperties
spring.web-org.springframework.boot.autoconfigure.web.WebProperties
springBootMockMvcBuilderCustomizer
sslBundleRegistry
sslPropertiesSslBundleRegistrar
standardJacksonObjectMapperBuilderCustomizer
startupTimeMetrics
stringHttpMessageConverter
taskExecutorBuilder
taskSchedulerBuilder
themeResolver
threadPoolTaskExecutorBuilder
threadPoolTaskSchedulerBuilder
tomcatMetricsBinder
tomcatServletWebServerFactory
tomcatServletWebServerFactoryCustomizer
uptimeMetrics
viewControllerHandlerMapping
viewNameTranslator
viewResolver
webEndpointDiscoverer
webEndpointPathMapper
webEndpointServletHandlerMapping
webExposeExcludePropertyEndpointFilter
webMvcObservationFilter
webServerFactoryCustomizerBeanPostProcessor
websocketServletWebServerCustomizer
welcomePageHandlerMapping
welcomePageNotAcceptableHandlerMapping
]]></system-out>
  </testcase>
</testsuite>